[08-Mar-2022 02:50:56 America/Caracas] Pagina solicitada: inicio/
[08-Mar-2022 02:50:56 America/Caracas] Pagina solicitada: inicio/imageGalery/
[08-Mar-2022 02:50:56 America/Caracas] Pagina solicitada: inicio/imageGaleryThumnail/
[08-Mar-2022 02:58:37 America/Caracas] Pagina solicitada: inicio/
[08-Mar-2022 02:58:38 America/Caracas] Pagina solicitada: inicio/imageGalery/
[08-Mar-2022 02:58:38 America/Caracas] Pagina solicitada: inicio/imageGaleryThumnail/
[08-Mar-2022 02:58:41 America/Caracas] Pagina solicitada: agenda/
[08-Mar-2022 02:58:41 America/Caracas] Pagina solicitada: class/agenda.css/
[08-Mar-2022 02:58:41 America/Caracas] Pagina solicitada: scripts/agenda.js/
[08-Mar-2022 02:58:48 America/Caracas] Pagina solicitada: eshop/
[08-Mar-2022 02:58:49 America/Caracas] Pagina solicitada: eshop/ListarArticulos/
[08-Mar-2022 03:04:45 America/Caracas] Pagina solicitada: cursos/
[08-Mar-2022 03:04:46 America/Caracas] Pagina solicitada: cursos/ListarCursos/
[08-Mar-2022 03:04:48 America/Caracas] Pagina solicitada: cursos/Mostrar/
[08-Mar-2022 03:04:48 America/Caracas] Pagina solicitada: assets/images/AVANZADO.jpg/
[08-Mar-2022 03:06:18 America/Caracas] Pagina solicitada: cursos/Mostrar/
[08-Mar-2022 03:06:18 America/Caracas] Pagina solicitada: assets/images/AVANZADO.jpg/
[08-Mar-2022 03:06:21 America/Caracas] Pagina solicitada: cursos/Mostrar/
[08-Mar-2022 03:06:21 America/Caracas] Pagina solicitada: assets/images/INTERMEDIO.jpg/
[08-Mar-2022 03:06:23 America/Caracas] Pagina solicitada: cursos/Mostrar/
[08-Mar-2022 03:06:23 America/Caracas] Pagina solicitada: assets/images/BASICO.jpg/
[08-Mar-2022 03:06:25 America/Caracas] Pagina solicitada: cursos/Mostrar/
[08-Mar-2022 03:06:25 America/Caracas] Pagina solicitada: assets/images/AVANZADO.jpg/
[08-Mar-2022 03:06:30 America/Caracas] Pagina solicitada: cursos/
[08-Mar-2022 03:06:31 America/Caracas] Pagina solicitada: cursos/ListarCursos/
[08-Mar-2022 03:06:34 America/Caracas] Pagina solicitada: inicio/
[08-Mar-2022 03:06:35 America/Caracas] Pagina solicitada: inicio/imageGalery/
[08-Mar-2022 03:06:35 America/Caracas] Pagina solicitada: inicio/imageGaleryThumnail/
[08-Mar-2022 03:06:50 America/Caracas] Pagina solicitada: inicio/
[08-Mar-2022 03:06:50 America/Caracas] Pagina solicitada: inicio/imageGalery/
[08-Mar-2022 03:06:50 America/Caracas] Pagina solicitada: inicio/imageGaleryThumnail/
[08-Mar-2022 03:07:44 America/Caracas] Pagina solicitada: inicio/
[08-Mar-2022 03:07:45 America/Caracas] Pagina solicitada: inicio/imageGalery/
[08-Mar-2022 03:07:45 America/Caracas] Pagina solicitada: inicio/imageGaleryThumnail/
[08-Mar-2022 03:07:45 America/Caracas] Pagina solicitada: inicio/imageGaleryCita/
[08-Mar-2022 03:07:56 America/Caracas] Pagina solicitada: inicio/
[08-Mar-2022 03:08:02 America/Caracas] Pagina solicitada: inicio/
[08-Mar-2022 03:08:03 America/Caracas] Pagina solicitada: inicio/imageGalery/
[08-Mar-2022 03:08:03 America/Caracas] Pagina solicitada: inicio/imageGaleryThumnail/
[08-Mar-2022 03:08:03 America/Caracas] Pagina solicitada: inicio/imageGaleryCita/
[08-Mar-2022 03:10:24 America/Caracas] Pagina solicitada: inicio/
[08-Mar-2022 03:10:25 America/Caracas] Pagina solicitada: inicio/imageGalery/
[08-Mar-2022 03:10:25 America/Caracas] Pagina solicitada: inicio/imageGaleryThumnail/
[08-Mar-2022 03:10:25 America/Caracas] Pagina solicitada: inicio/imageGaleryCita/
[08-Mar-2022 03:13:38 America/Caracas] Pagina solicitada: inicio/
[08-Mar-2022 03:13:40 America/Caracas] Pagina solicitada: inicio/imageGalery/
[08-Mar-2022 03:13:40 America/Caracas] Pagina solicitada: inicio/imageGaleryThumnail/
[08-Mar-2022 03:13:40 America/Caracas] Pagina solicitada: inicio/imageGaleryCita/
[08-Mar-2022 03:14:47 America/Caracas] Pagina solicitada: inicio/
[08-Mar-2022 03:14:48 America/Caracas] Pagina solicitada: inicio/imageGalery/
[08-Mar-2022 03:14:48 America/Caracas] Pagina solicitada: inicio/imageGaleryThumnail/
[08-Mar-2022 03:14:48 America/Caracas] Pagina solicitada: inicio/imageGaleryCita/
[08-Mar-2022 03:28:36 America/Caracas] Pagina solicitada: inicio/
[08-Mar-2022 03:28:37 America/Caracas] Pagina solicitada: inicio/imageGalery/
[08-Mar-2022 03:28:37 America/Caracas] Pagina solicitada: inicio/imageGaleryThumnail/
[08-Mar-2022 03:28:37 America/Caracas] Pagina solicitada: inicio/imageGaleryCita/
[08-Mar-2022 03:29:04 America/Caracas] Pagina solicitada: inicio/
[08-Mar-2022 03:31:03 America/Caracas] Pagina solicitada: inicio/
[08-Mar-2022 03:31:04 America/Caracas] Pagina solicitada: inicio/imageGalery/
[08-Mar-2022 03:31:04 America/Caracas] Pagina solicitada: inicio/imageGaleryThumnail/
[08-Mar-2022 03:31:04 America/Caracas] Pagina solicitada: inicio/imageGaleryCita/
[08-Mar-2022 03:31:55 America/Caracas] Pagina solicitada: inicio/
[08-Mar-2022 03:31:55 America/Caracas] Pagina solicitada: inicio/imageGalery/
[08-Mar-2022 03:31:55 America/Caracas] Pagina solicitada: inicio/imageGaleryCita/
[08-Mar-2022 03:31:55 America/Caracas] Pagina solicitada: inicio/imageGaleryThumnail/
[08-Mar-2022 03:32:26 America/Caracas] Pagina solicitada: inicio/
[08-Mar-2022 03:35:57 America/Caracas] Pagina solicitada: inicio/
[08-Mar-2022 03:35:58 America/Caracas] Pagina solicitada: inicio/imageGalery/
[08-Mar-2022 03:35:58 America/Caracas] Pagina solicitada: inicio/imageGaleryThumnail/
[08-Mar-2022 03:35:58 America/Caracas] Pagina solicitada: inicio/imageGaleryCita/
[08-Mar-2022 03:37:43 America/Caracas] Pagina solicitada: inicio/
[08-Mar-2022 03:37:43 America/Caracas] Pagina solicitada: inicio/imageGalery/
[08-Mar-2022 03:37:43 America/Caracas] Pagina solicitada: inicio/imageGaleryCita/
[08-Mar-2022 03:37:43 America/Caracas] Pagina solicitada: inicio/imageGaleryThumnail/
[08-Mar-2022 03:37:57 America/Caracas] Pagina solicitada: inicio/
[08-Mar-2022 03:37:58 America/Caracas] Pagina solicitada: inicio/imageGalery/
[08-Mar-2022 03:37:58 America/Caracas] Pagina solicitada: inicio/imageGaleryCita/
[08-Mar-2022 03:37:58 America/Caracas] Pagina solicitada: inicio/imageGaleryThumnail/
[08-Mar-2022 03:38:48 America/Caracas] Pagina solicitada: inicio/
[08-Mar-2022 03:38:49 America/Caracas] Pagina solicitada: inicio/imageGalery/
[08-Mar-2022 03:38:49 America/Caracas] Pagina solicitada: inicio/imageGaleryThumnail/
[08-Mar-2022 03:38:49 America/Caracas] Pagina solicitada: inicio/imageGaleryCita/
[08-Mar-2022 03:38:53 America/Caracas] Pagina solicitada: nosotros/
[08-Mar-2022 03:48:51 America/Caracas] Pagina solicitada: nosotros/
[08-Mar-2022 03:50:09 America/Caracas] Pagina solicitada: nosotros/
[08-Mar-2022 03:52:21 America/Caracas] Pagina solicitada: nosotros/
[08-Mar-2022 03:53:25 America/Caracas] Pagina solicitada: nosotros/
[08-Mar-2022 03:53:34 America/Caracas] Pagina solicitada: nosotros/
[08-Mar-2022 03:55:02 America/Caracas] Pagina solicitada: nosotros/
[08-Mar-2022 03:56:11 America/Caracas] Pagina solicitada: nosotros/
[08-Mar-2022 03:56:32 America/Caracas] Pagina solicitada: nosotros/
[08-Mar-2022 03:56:51 America/Caracas] Pagina solicitada: nosotros/
[08-Mar-2022 03:57:11 America/Caracas] Pagina solicitada: nosotros/
[08-Mar-2022 03:57:36 America/Caracas] Pagina solicitada: nosotros/
[08-Mar-2022 03:57:54 America/Caracas] Pagina solicitada: nosotros/
[08-Mar-2022 03:57:57 America/Caracas] Pagina solicitada: nosotros/
[08-Mar-2022 03:58:20 America/Caracas] Pagina solicitada: nosotros/
[08-Mar-2022 03:59:05 America/Caracas] Pagina solicitada: nosotros/
[08-Mar-2022 03:59:58 America/Caracas] Pagina solicitada: nosotros/
[08-Mar-2022 04:01:28 America/Caracas] Pagina solicitada: nosotros/
[08-Mar-2022 04:01:57 America/Caracas] Pagina solicitada: nosotros/
[08-Mar-2022 04:02:10 America/Caracas] Pagina solicitada: nosotros/
[08-Mar-2022 04:02:23 America/Caracas] Pagina solicitada: nosotros/
[08-Mar-2022 04:05:56 America/Caracas] Pagina solicitada: nosotros/
[08-Mar-2022 04:07:48 America/Caracas] Pagina solicitada: nosotros/
[08-Mar-2022 04:08:08 America/Caracas] Pagina solicitada: nosotros/
[08-Mar-2022 04:08:49 America/Caracas] Pagina solicitada: nosotros/
[08-Mar-2022 04:09:01 America/Caracas] Pagina solicitada: nosotros/
[08-Mar-2022 04:09:07 America/Caracas] Pagina solicitada: nosotros/
[08-Mar-2022 04:10:48 America/Caracas] Pagina solicitada: nosotros/
[08-Mar-2022 04:11:13 America/Caracas] Pagina solicitada: nosotros/
[08-Mar-2022 04:13:24 America/Caracas] Pagina solicitada: nosotros/
[08-Mar-2022 04:14:11 America/Caracas] Pagina solicitada: nosotros/
[08-Mar-2022 04:26:26 America/Caracas] Pagina solicitada: nosotros/
[08-Mar-2022 04:30:28 America/Caracas] Pagina solicitada: nosotros/
[08-Mar-2022 04:33:11 America/Caracas] Pagina solicitada: nosotros/
[08-Mar-2022 04:33:11 America/Caracas] Pagina solicitada: nosotros/
[08-Mar-2022 04:36:37 America/Caracas] Pagina solicitada: nosotros/
[08-Mar-2022 04:45:47 America/Caracas] Pagina solicitada: agenda/
[08-Mar-2022 04:45:47 America/Caracas] Pagina solicitada: scripts/agenda.js/
[08-Mar-2022 04:45:47 America/Caracas] Pagina solicitada: class/agenda.css/
[08-Mar-2022 04:45:53 America/Caracas] Pagina solicitada: agenda/
[08-Mar-2022 04:45:53 America/Caracas] Pagina solicitada: class/agenda.css/
[08-Mar-2022 04:45:53 America/Caracas] Pagina solicitada: scripts/agenda.js/
[08-Mar-2022 04:45:56 America/Caracas] Pagina solicitada: agenda/
[08-Mar-2022 04:45:56 America/Caracas] Pagina solicitada: class/agenda.css/
[08-Mar-2022 04:45:56 America/Caracas] Pagina solicitada: scripts/agenda.js/
[08-Mar-2022 04:46:04 America/Caracas] Pagina solicitada: nosotros/
[08-Mar-2022 04:46:07 America/Caracas] Pagina solicitada: nosotros/
[08-Mar-2022 04:47:21 America/Caracas] Pagina solicitada: nosotros/
[08-Mar-2022 04:47:27 America/Caracas] Pagina solicitada: nosotros/
[08-Mar-2022 04:48:22 America/Caracas] Pagina solicitada: nosotros/
[08-Mar-2022 04:49:17 America/Caracas] Pagina solicitada: nosotros/
[08-Mar-2022 04:49:19 America/Caracas] Pagina solicitada: nosotros/
[08-Mar-2022 04:51:34 America/Caracas] Pagina solicitada: nosotros/
[08-Mar-2022 04:51:59 America/Caracas] Pagina solicitada: nosotros/
[08-Mar-2022 04:52:22 America/Caracas] Pagina solicitada: nosotros/
[08-Mar-2022 04:52:31 America/Caracas] Pagina solicitada: nosotros/
[08-Mar-2022 04:52:35 America/Caracas] Pagina solicitada: inicio/
[08-Mar-2022 04:52:36 America/Caracas] Pagina solicitada: inicio/imageGalery/
[08-Mar-2022 04:52:36 America/Caracas] Pagina solicitada: inicio/imageGaleryCita/
[08-Mar-2022 04:52:36 America/Caracas] Pagina solicitada: inicio/imageGaleryThumnail/
[08-Mar-2022 04:52:58 America/Caracas] Pagina solicitada: eshop/
[08-Mar-2022 04:52:58 America/Caracas] Pagina solicitada: eshop/ListarArticulos/
[08-Mar-2022 04:53:06 America/Caracas] Pagina solicitada: cursos/
[08-Mar-2022 04:53:07 America/Caracas] Pagina solicitada: cursos/ListarCursos/
[08-Mar-2022 04:53:22 America/Caracas] Pagina solicitada: cursos/
[08-Mar-2022 04:53:23 America/Caracas] Pagina solicitada: cursos/ListarCursos/
[08-Mar-2022 04:54:39 America/Caracas] Pagina solicitada: cursos/
[08-Mar-2022 04:54:39 America/Caracas] Pagina solicitada: cursos/ListarCursos/
[08-Mar-2022 04:54:48 America/Caracas] Pagina solicitada: nosotros/
[08-Mar-2022 04:54:51 America/Caracas] Pagina solicitada: eshop/
[08-Mar-2022 04:54:51 America/Caracas] Pagina solicitada: eshop/ListarArticulos/
[08-Mar-2022 04:54:56 America/Caracas] Pagina solicitada: cursos/
[08-Mar-2022 04:54:57 America/Caracas] Pagina solicitada: cursos/ListarCursos/
[08-Mar-2022 04:55:11 America/Caracas] Pagina solicitada: inicio/
[08-Mar-2022 04:55:12 America/Caracas] Pagina solicitada: inicio/imageGalery/
[08-Mar-2022 04:55:12 America/Caracas] Pagina solicitada: inicio/imageGaleryThumnail/
[08-Mar-2022 04:55:12 America/Caracas] Pagina solicitada: inicio/imageGaleryCita/
[08-Mar-2022 04:58:04 America/Caracas] Pagina solicitada: inicio/
[08-Mar-2022 04:58:05 America/Caracas] Pagina solicitada: inicio/imageGalery/
[08-Mar-2022 04:58:05 America/Caracas] Pagina solicitada: inicio/imageGaleryThumnail/
[08-Mar-2022 04:58:05 America/Caracas] Pagina solicitada: inicio/imageGaleryCita/
[08-Mar-2022 04:58:10 America/Caracas] Pagina solicitada: inicio/
[08-Mar-2022 04:58:11 America/Caracas] Pagina solicitada: inicio/imageGalery/
[08-Mar-2022 04:58:11 America/Caracas] Pagina solicitada: inicio/imageGaleryThumnail/
[08-Mar-2022 04:58:11 America/Caracas] Pagina solicitada: inicio/imageGaleryCita/
[08-Mar-2022 04:58:31 America/Caracas] Pagina solicitada: inicio/
[08-Mar-2022 04:58:32 America/Caracas] Pagina solicitada: inicio/imageGalery/
[08-Mar-2022 04:58:32 America/Caracas] Pagina solicitada: inicio/imageGaleryThumnail/
[08-Mar-2022 04:58:32 America/Caracas] Pagina solicitada: inicio/imageGaleryCita/
[08-Mar-2022 04:58:49 America/Caracas] Pagina solicitada: inicio/
[08-Mar-2022 04:58:50 America/Caracas] Pagina solicitada: inicio/imageGalery/
[08-Mar-2022 04:58:50 America/Caracas] Pagina solicitada: inicio/imageGaleryThumnail/
[08-Mar-2022 04:58:50 America/Caracas] Pagina solicitada: inicio/imageGaleryCita/
[08-Mar-2022 04:59:06 America/Caracas] Pagina solicitada: inicio/
[08-Mar-2022 05:00:56 America/Caracas] Pagina solicitada: inicio/
[08-Mar-2022 05:00:57 America/Caracas] Pagina solicitada: inicio/imageGalery/
[08-Mar-2022 05:00:57 America/Caracas] Pagina solicitada: inicio/imageGaleryThumnail/
[08-Mar-2022 05:00:57 America/Caracas] Pagina solicitada: inicio/imageGaleryCita/
[08-Mar-2022 05:01:45 America/Caracas] Pagina solicitada: inicio/
[08-Mar-2022 05:01:46 America/Caracas] Pagina solicitada: inicio/imageGalery/
[08-Mar-2022 05:01:46 America/Caracas] Pagina solicitada: inicio/imageGaleryThumnail/
[08-Mar-2022 05:01:46 America/Caracas] Pagina solicitada: inicio/imageGaleryCita/
[08-Mar-2022 05:01:59 America/Caracas] Pagina solicitada: inicio/
[08-Mar-2022 05:02:00 America/Caracas] Pagina solicitada: inicio/imageGalery/
[08-Mar-2022 05:02:00 America/Caracas] Pagina solicitada: inicio/imageGaleryThumnail/
[08-Mar-2022 05:02:00 America/Caracas] Pagina solicitada: inicio/imageGaleryCita/
[08-Mar-2022 05:02:47 America/Caracas] Pagina solicitada: inicio/
[08-Mar-2022 05:02:48 America/Caracas] Pagina solicitada: inicio/imageGalery/
[08-Mar-2022 05:02:48 America/Caracas] Pagina solicitada: inicio/imageGaleryThumnail/
[08-Mar-2022 05:02:48 America/Caracas] Pagina solicitada: inicio/imageGaleryCita/
[08-Mar-2022 05:03:06 America/Caracas] Pagina solicitada: inicio/
[08-Mar-2022 05:03:20 America/Caracas] Pagina solicitada: inicio/imageGalery/
[08-Mar-2022 05:03:20 America/Caracas] Pagina solicitada: inicio/imageGaleryThumnail/
[08-Mar-2022 05:03:20 America/Caracas] Pagina solicitada: inicio/imageGaleryCita/
[08-Mar-2022 05:06:00 America/Caracas] Pagina solicitada: eshop/
[08-Mar-2022 05:06:01 America/Caracas] Pagina solicitada: eshop/ListarArticulos/
[08-Mar-2022 05:06:15 America/Caracas] Pagina solicitada: cursos/
[08-Mar-2022 05:06:16 America/Caracas] Pagina solicitada: cursos/ListarCursos/
[08-Mar-2022 05:14:18 America/Caracas] Pagina solicitada: agenda/
[08-Mar-2022 05:14:18 America/Caracas] Pagina solicitada: class/agenda.css/
[08-Mar-2022 05:14:18 America/Caracas] Pagina solicitada: scripts/agenda.js/
[08-Mar-2022 05:14:23 America/Caracas] Pagina solicitada: nosotros/
[08-Mar-2022 05:36:34 America/Caracas] Pagina solicitada: nosotros/
[08-Mar-2022 05:36:38 America/Caracas] Pagina solicitada: inicio/
[08-Mar-2022 05:36:38 America/Caracas] Pagina solicitada: inicio/imageGalery/
[08-Mar-2022 05:36:38 America/Caracas] Pagina solicitada: inicio/imageGaleryThumnail/
[08-Mar-2022 05:36:38 America/Caracas] Pagina solicitada: inicio/imageGaleryCita/
[08-Mar-2022 05:37:51 America/Caracas] Pagina solicitada: nosotros/
[08-Mar-2022 05:39:57 America/Caracas] Pagina solicitada: nosotros/
[08-Mar-2022 05:40:00 America/Caracas] Pagina solicitada: inicio/
[08-Mar-2022 05:40:00 America/Caracas] Pagina solicitada: inicio/imageGalery/
[08-Mar-2022 05:40:00 America/Caracas] Pagina solicitada: inicio/imageGaleryThumnail/
[08-Mar-2022 05:40:00 America/Caracas] Pagina solicitada: inicio/imageGaleryCita/
